02.04.2024	17:32:21	d2bef75c-c931-4e53-8830-707f79f7cffc	GET	http://localhost:5173	/posts
02.04.2024	17:32:23	d99d937e-49e5-438b-82ef-7ee7c5e0406e	GET	http://localhost:5173	/products
02.04.2024	17:34:16	b9348f66-c88f-4d92-8965-b5b2e2ae6fa6	GET	http://localhost:5173	/products
02.04.2024	17:34:18	aaad07d8-a62e-4566-bd90-33ad9399aa04	GET	http://localhost:5173	/posts
02.04.2024	17:34:19	1a0556db-618f-4528-b17d-f62156dcc6bd	GET	http://localhost:5173	/products
02.04.2024	17:34:21	b0bf9b2d-9710-429f-b9e6-fea053141633	GET	http://localhost:5173	/products
02.04.2024	17:34:58	7d60739c-1770-42ea-bd7c-101f527ed543	GET	http://localhost:5173	/products
02.04.2024	17:37:52	eee7be8c-a573-442d-b630-9fdfa597500c	GET	undefined	/products/
02.04.2024	17:41:07	463020b2-68b1-433d-aaa5-7432a0e78731	POST	undefined	/products/
02.04.2024	17:41:25	21f10bf9-bb89-498c-b547-ec8f2f3c703d	POST	undefined	/products/
02.04.2024	17:41:36	497ec0b9-29af-4c41-b458-bc27e85a0cf4	POST	undefined	/products/
02.04.2024	17:42:34	a33169b0-e81e-4188-b52c-881687ffdc03	POST	undefined	/products/
02.04.2024	17:42:50	dd29b09f-3a97-45e3-a55c-fd4ca8e36a90	POST	undefined	/products/
02.04.2024	17:42:58	455857ca-d101-4ffc-b0e9-fa451fe60038	POST	undefined	/products/
02.04.2024	17:43:24	d851ba68-d82a-450f-af82-33105b22ed33	POST	undefined	/products/
02.04.2024	17:43:55	c59fa93e-7a63-4cd0-a505-cca00a35865d	GET	http://localhost:5173	/products
02.04.2024	17:45:29	19567504-f0fb-4296-bd14-1a4a9dc75b6a	GET	http://localhost:5173	/posts
02.04.2024	17:45:38	59fa21bc-a78e-43fd-9327-dc5ec8d34b2e	GET	http://localhost:5173	/posts
02.04.2024	17:48:01	8396e519-98dd-4af4-adb1-7002cadb592d	GET	http://localhost:5173	/products
02.04.2024	17:48:02	d3f99c51-af2d-42ef-b6a6-075ea26c9d2f	GET	http://localhost:5173	/products/undefined
02.04.2024	18:04:01	d3d686e7-2a06-4c97-b0b2-4e7fd9452eb7	GET	http://localhost:5173	/products
02.04.2024	18:04:04	fd711ad8-997a-467a-ae3c-3ca36978e4c2	GET	http://localhost:5173	/products/undefined
02.04.2024	18:05:30	8c8cd122-96ad-4e5c-b57e-44731be160c5	GET	http://localhost:5173	/products
02.04.2024	18:12:46	99d88199-e153-4763-b4fc-6317125a71f6	GET	http://localhost:5173	/products/undefined
02.04.2024	18:13:04	aa80188b-211a-40af-a762-a5bc4126b90b	GET	http://localhost:5173	/products
02.04.2024	18:13:06	126f0224-4f1c-43b1-842c-e17b576dd474	GET	http://localhost:5173	/products/660c27138c78a2ced5d87b6a
03.04.2024	00:02:44	23df0b76-c776-4276-b6d5-b236b934c044	GET	http://localhost:5173	/posts
03.04.2024	00:03:58	a7ababb6-e565-4e22-ae68-1719db611ef5	GET	http://localhost:5173	/posts
03.04.2024	00:08:41	2d12a827-0b1a-418e-935a-aa0eb4089b48	GET	http://localhost:5173	/products
03.04.2024	00:09:00	aee6fe20-bd5b-4ecd-8002-efea749d3bbf	GET	http://localhost:5173	/posts
03.04.2024	00:13:45	796dbb50-f93c-43e9-b23c-89f5c34006a2	GET	http://localhost:5173	/products
03.04.2024	00:15:42	c5110a3e-cc40-4d0c-a1bf-2f30650b7be4	GET	http://localhost:5173	/products
03.04.2024	00:15:44	80a8c515-4899-4993-972d-3219aafcea68	GET	http://localhost:5173	/products/660c276a8c78a2ced5d87b6c
03.04.2024	00:15:46	e2b8a7ee-7439-4dde-a616-28f479119781	GET	http://localhost:5173	/products/
03.04.2024	00:15:49	650c65bf-e3a5-4cac-9975-c7d337a02965	GET	http://localhost:5173	/products
03.04.2024	00:17:50	01444698-273b-44f1-894e-a73de97a7520	GET	http://localhost:5173	/products
03.04.2024	00:17:54	2a72297b-745f-4590-9ac0-c2a1ebf495e5	GET	http://localhost:5173	/products/660c276a8c78a2ced5d87b6c
03.04.2024	00:17:58	9c59b6cb-6a40-41d1-b7e4-e417c9016952	GET	http://localhost:5173	/products/660c27828c78a2ced5d87b6e
03.04.2024	00:18:01	8244dc1f-0842-43d7-8efa-2b41c6c4d9c3	GET	http://localhost:5173	/products/660c279c8c78a2ced5d87b70
03.04.2024	00:18:40	051df606-9580-4212-a2eb-c0b0e25b6aee	GET	http://localhost:5173	/products
03.04.2024	00:18:47	e0b0f6fb-87f6-4864-a2ba-99138f6717cb	GET	http://localhost:5173	/posts
03.04.2024	00:18:49	fb81fed0-d2bc-401e-8892-ffddd92c0fb6	GET	http://localhost:5173	/posts
03.04.2024	00:43:56	4c9b7cfa-d6ba-4917-be82-5d31ffea6a89	GET	http://localhost:5173	/posts
03.04.2024	01:35:29	6a82e28b-bafd-4ca0-a381-a3c76fbc2afb	OPTIONS	http://localhost:5173	/auth/register
03.04.2024	01:35:29	e6885253-cff0-4990-a476-f70baa91fe50	POST	http://localhost:5173	/auth/register
03.04.2024	01:40:31	3cdaefe7-d543-495a-b073-490165884e23	OPTIONS	http://localhost:5173	/auth/register
03.04.2024	01:40:31	9a298326-774a-448a-9ea5-5da3ac73bef3	POST	http://localhost:5173	/auth/register
03.04.2024	02:19:06	02f57e9e-ba78-4101-97b8-1b692849c79a	POST	undefined	/posts
03.04.2024	02:21:05	09b5c6e3-ac60-4791-953a-a64ca0fbc05b	POST	undefined	/posts
03.04.2024	02:22:05	d52cd229-358a-4dfd-95b6-ca53b5f0511d	POST	undefined	/posts
03.04.2024	02:22:18	f3e71ec8-a42a-4648-a738-69ce5aa550e9	POST	undefined	/posts
03.04.2024	02:22:30	f32221df-2fd9-4c71-a70e-2a07902d6279	POST	undefined	/posts
03.04.2024	02:22:36	fc10a678-a0a4-4d7c-a006-01e1181f7fce	POST	undefined	/posts
03.04.2024	02:23:24	b0251bbb-769b-46b5-af74-3cbde8410a0e	GET	http://localhost:5173	/posts
03.04.2024	02:34:28	4bfb0531-4511-4ed4-82d7-157a08759ded	GET	undefined	/posts
03.04.2024	02:34:28	adfd86b8-2acc-40c4-9d86-cf6daf200a64	GET	undefined	/favicon.ico
